TN:
SF:src/components/Button.tsx
FN:39,Button
FNF:1
FNH:1
FNDA:3,Button
DA:1,1
DA:2,1
DA:3,1
DA:4,1
DA:5,1
DA:6,1
DA:7,1
DA:8,1
DA:9,1
DA:10,1
DA:11,1
DA:12,1
DA:13,1
DA:14,1
DA:15,1
DA:16,1
DA:17,1
DA:18,1
DA:19,1
DA:20,1
DA:21,1
DA:22,1
DA:23,1
DA:24,1
DA:25,1
DA:26,1
DA:27,1
DA:28,1
DA:29,1
DA:30,1
DA:31,1
DA:32,1
DA:33,1
DA:34,1
DA:35,1
DA:36,1
DA:37,1
DA:38,1
DA:39,1
DA:40,3
DA:41,3
LF:41
LH:41
BRDA:39,0,0,3
BRF:1
BRH:1
end_of_record
TN:
SF:src/components/Form/FileInput/FileItem.tsx
FN:43,FileItem
FNF:1
FNH:1
FNDA:4,FileItem
DA:1,1
DA:2,1
DA:3,1
DA:4,1
DA:5,1
DA:6,1
DA:7,1
DA:8,1
DA:9,1
DA:10,1
DA:11,1
DA:12,1
DA:13,1
DA:14,1
DA:15,1
DA:16,1
DA:17,1
DA:18,1
DA:19,1
DA:20,1
DA:21,1
DA:22,1
DA:23,1
DA:24,1
DA:25,1
DA:26,1
DA:27,1
DA:28,1
DA:29,1
DA:30,1
DA:31,1
DA:32,1
DA:33,1
DA:34,1
DA:35,1
DA:36,1
DA:37,1
DA:38,1
DA:39,1
DA:40,1
DA:41,1
DA:42,1
DA:43,1
DA:44,4
DA:45,4
DA:46,4
DA:47,4
DA:48,4
DA:49,4
DA:50,4
DA:51,4
DA:52,4
DA:53,1
DA:54,1
DA:55,1
DA:56,1
DA:57,1
DA:58,1
DA:59,1
DA:60,1
DA:61,1
DA:62,1
DA:63,1
DA:64,1
DA:65,1
DA:66,1
DA:67,1
DA:68,1
DA:69,1
DA:70,1
DA:71,1
DA:72,4
DA:73,4
DA:74,4
DA:75,4
DA:76,4
DA:77,4
DA:78,4
DA:79,4
DA:80,4
DA:81,4
DA:82,4
DA:83,4
DA:84,4
DA:85,4
DA:86,4
DA:87,4
DA:88,4
DA:89,4
DA:90,4
DA:91,4
DA:92,4
DA:93,4
DA:94,4
DA:95,4
DA:96,4
DA:97,1
DA:98,1
DA:99,1
DA:100,1
DA:101,1
DA:102,4
DA:103,4
DA:104,4
DA:105,4
DA:106,4
DA:107,4
DA:108,4
LF:108
LH:108
BRDA:43,0,0,4
BRDA:52,1,0,1
BRDA:86,2,0,1
BRDA:86,3,0,2
BRDA:90,4,0,1
BRDA:90,5,0,2
BRDA:96,6,0,1
BRF:7
BRH:7
end_of_record
TN:
SF:src/components/Form/FileInput/ImagePreview.tsx
FN:7,ImagePreview
FNF:1
FNH:1
FNDA:2,ImagePreview
DA:1,1
DA:2,1
DA:3,1
DA:4,1
DA:5,1
DA:6,1
DA:7,1
DA:8,2
DA:9,2
DA:10,2
DA:11,2
DA:12,1
DA:13,1
DA:14,2
DA:15,2
DA:16,2
DA:17,1
DA:18,1
DA:19,1
DA:20,1
DA:21,1
DA:22,1
DA:23,1
DA:24,1
DA:25,1
DA:26,1
DA:27,1
DA:28,1
DA:29,1
DA:30,1
DA:31,1
DA:32,1
DA:33,1
DA:34,1
DA:35,2
LF:35
LH:35
BRDA:7,0,0,2
BRDA:16,1,0,1
BRDA:10,2,0,2
BRDA:11,3,0,1
BRF:4
BRH:4
end_of_record
TN:
SF:src/mocks/tasks.js
FNF:0
FNH:0
DA:1,1
DA:2,1
DA:3,1
DA:4,1
DA:5,1
DA:6,1
DA:7,1
DA:8,1
DA:9,1
DA:10,1
DA:11,1
DA:12,1
DA:13,1
DA:14,1
DA:15,1
DA:16,1
DA:17,1
LF:17
LH:17
BRF:0
BRH:0
end_of_record
TN:
SF:src/stores/use-dark-mode.ts
FN:10,setIsDarkMode
FNF:1
FNH:1
FNDA:1,setIsDarkMode
DA:1,1
DA:2,1
DA:3,1
DA:4,1
DA:5,1
DA:6,1
DA:7,1
DA:8,1
DA:9,1
DA:10,1
DA:11,1
LF:11
LH:11
BRDA:8,0,0,1
BRDA:10,1,0,1
BRF:2
BRH:2
end_of_record
TN:
SF:src/stores/use-tasks.ts
FN:18,createTask
FN:29,deleteTask
FNF:2
FNH:2
FNDA:2,createTask
FNDA:2,deleteTask
DA:1,1
DA:2,1
DA:3,1
DA:4,1
DA:5,1
DA:6,1
DA:7,1
DA:8,1
DA:9,1
DA:10,1
DA:11,1
DA:12,1
DA:13,1
DA:14,1
DA:15,1
DA:16,1
DA:17,1
DA:18,1
DA:19,2
DA:20,2
DA:21,2
DA:22,1
DA:23,1
DA:24,1
DA:25,1
DA:26,1
DA:27,1
DA:28,1
DA:29,1
DA:30,2
DA:31,2
DA:32,2
DA:33,1
DA:34,1
DA:35,1
DA:36,1
DA:37,1
DA:38,1
DA:39,1
DA:40,1
LF:40
LH:40
BRDA:16,0,0,1
BRDA:18,1,0,2
BRDA:21,2,0,1
BRDA:19,3,0,4
BRDA:25,4,0,1
BRDA:29,5,0,2
BRDA:32,6,0,1
BRDA:30,7,0,4
BRDA:36,8,0,1
BRDA:37,9,0,3
BRF:10
BRH:10
end_of_record
TN:
SF:src/utils/format-bytes.ts
FN:1,formatBytes
FNF:1
FNH:1
FNDA:11,formatBytes
DA:1,1
DA:2,11
DA:3,11
DA:4,11
DA:5,1
DA:6,1
DA:7,10
DA:8,11
DA:9,9
DA:10,9
DA:11,9
DA:12,9
DA:13,11
DA:14,16
DA:15,16
DA:16,16
DA:17,9
DA:18,11
DA:19,11
LF:19
LH:19
BRDA:1,0,0,11
BRDA:4,1,0,10
BRDA:4,2,0,1
BRDA:6,3,0,10
BRDA:8,4,0,1
BRDA:8,5,0,9
BRDA:13,6,0,16
BRDA:13,7,0,16
BRDA:16,8,0,9
BRF:9
BRH:9
end_of_record
